2017-09-29 18:01:18 Notice: Strict (2048): Declaration of App\Controller\UsersController::beforeFilter() should be compatible with App\Controller\AppController::beforeFilter(Cake\Event\Event $event) in [C:\EasyPHP-Devserver-17\eds-www\ApplicationGit\src\Controller\UsersController.php, line 14]
Request URL: /users/login
Referer URL: http://localhost/ApplicationGit/
Client IP: 127.0.0.1
Trace:
Cake\Error\BaseErrorHandler::handleError() - CORE\src\Error\BaseErrorHandler.php, line 153
include - APP/Controller\UsersController.php, line 14
Composer\Autoload\includeFile - ROOT\vendor\composer\ClassLoader.php, line 412
Composer\Autoload\ClassLoader::loadClass() - ROOT\vendor\composer\ClassLoader.php, line 301
spl_autoload_call - [internal], line ??
class_exists - [internal], line ??
Cake\Core\App::_classExistsInBase() - CORE\src\Core\App.php, line 152
Cake\Core\App::className() - CORE\src\Core\App.php, line 64
Cake\Http\ControllerFactory::getControllerClass() - CORE\src\Http\ControllerFactory.php, line 88
Cake\Http\ControllerFactory::create() - CORE\src\Http\ControllerFactory.php, line 36
Cake\Http\ActionDispatcher::dispatch() - CORE\src\Http\ActionDispatcher.php, line 90
Cake\Http\BaseApplication::__invoke() - CORE\src\Http\BaseApplication.php, line 103
Cake\Http\Runner::__invoke() - CORE\src\Http\Runner.php, line 65
Cake\Routing\Middleware\RoutingMiddleware::__invoke() - CORE\src\Routing\Middleware\RoutingMiddleware.php, line 107
Cake\Http\Runner::__invoke() - CORE\src\Http\Runner.php, line 65
Cake\Routing\Middleware\AssetMiddleware::__invoke() - CORE\src\Routing\Middleware\AssetMiddleware.php, line 88
Cake\Http\Runner::__invoke() - CORE\src\Http\Runner.php, line 65
Cake\Error\Middleware\ErrorHandlerMiddleware::__invoke() - CORE\src\Error\Middleware\ErrorHandlerMiddleware.php, line 95
Cake\Http\Runner::__invoke() - CORE\src\Http\Runner.php, line 65
DebugKit\Middleware\DebugKitMiddleware::__invoke() - ROOT\vendor\cakephp\debug_kit\src\Middleware\DebugKitMiddleware.php, line 52
Cake\Http\Runner::__invoke() - CORE\src\Http\Runner.php, line 65
Cake\Http\Runner::run() - CORE\src\Http\Runner.php, line 51
Cake\Http\Server::run() - CORE\src\Http\Server.php, line 81
[main] - ROOT\webroot\index.php, line 40



