2017-09-29 18:01:14 Error: [Cake\Routing\Exception\MissingControllerException] Controller class Css could not be found.
Exception Attributes: array (
  'class' => 'Css',
  'plugin' => false,
  'prefix' => false,
  '_ext' => false,
)
Request URL: /css/style.css
Referer URL: http://localhost/ApplicationGit/
Stack Trace:
#0 C:\EasyPHP-Devserver-17\eds-www\ApplicationGit\vendor\cakephp\cakephp\src\Http\ControllerFactory.php(38): Cake\Http\ControllerFactory->missingController(Object(Cake\Http\ServerRequest))
#1 C:\EasyPHP-Devserver-17\eds-www\ApplicationGit\vendor\cakephp\cakephp\src\Http\ActionDispatcher.php(90): Cake\Http\ControllerFactory->create(Object(Cake\Http\ServerRequest), Object(Cake\Http\Response))
#2 C:\EasyPHP-Devserver-17\eds-www\ApplicationGit\vendor\cakephp\cakephp\src\Http\BaseApplication.php(103): Cake\Http\ActionDispatcher->dispatch(Object(Cake\Http\ServerRequest), Object(Cake\Http\Response))
#3 C:\EasyPHP-Devserver-17\eds-www\ApplicationGit\vendor\cakephp\cakephp\src\Http\Runner.php(65): Cake\Http\BaseApplication->__invoke(Object(Cake\Http\ServerRequest), Object(Cake\Http\Response), Object(Cake\Http\Runner))
#4 C:\EasyPHP-Devserver-17\eds-www\ApplicationGit\vendor\cakephp\cakephp\src\Routing\Middleware\RoutingMiddleware.php(107): Cake\Http\Runner->__invoke(Object(Cake\Http\ServerRequest), Object(Cake\Http\Response))
#5 C:\EasyPHP-Devserver-17\eds-www\ApplicationGit\vendor\cakephp\cakephp\src\Http\Runner.php(65): Cake\Routing\Middleware\RoutingMiddleware->__invoke(Object(Cake\Http\ServerRequest), Object(Cake\Http\Response), Object(Cake\Http\Runner))
#6 C:\EasyPHP-Devserver-17\eds-www\ApplicationGit\vendor\cakephp\cakephp\src\Routing\Middleware\AssetMiddleware.php(97): Cake\Http\Runner->__invoke(Object(Cake\Http\ServerRequest), Object(Cake\Http\Response))
#7 C:\EasyPHP-Devserver-17\eds-www\ApplicationGit\vendor\cakephp\cakephp\src\Http\Runner.php(65): Cake\Routing\Middleware\AssetMiddleware->__invoke(Object(Cake\Http\ServerRequest), Object(Cake\Http\Response), Object(Cake\Http\Runner))
#8 C:\EasyPHP-Devserver-17\eds-www\ApplicationGit\vendor\cakephp\cakephp\src\Error\Middleware\ErrorHandlerMiddleware.php(95): Cake\Http\Runner->__invoke(Object(Cake\Http\ServerRequest), Object(Cake\Http\Response))
#9 C:\EasyPHP-Devserver-17\eds-www\ApplicationGit\vendor\cakephp\cakephp\src\Http\Runner.php(65): Cake\Error\Middleware\ErrorHandlerMiddleware->__invoke(Object(Cake\Http\ServerRequest), Object(Cake\Http\Response), Object(Cake\Http\Runner))
#10 C:\EasyPHP-Devserver-17\eds-www\ApplicationGit\vendor\cakephp\debug_kit\src\Middleware\DebugKitMiddleware.php(52): Cake\Http\Runner->__invoke(Object(Cake\Http\ServerRequest), Object(Cake\Http\Response))
#11 C:\EasyPHP-Devserver-17\eds-www\ApplicationGit\vendor\cakephp\cakephp\src\Http\Runner.php(65): DebugKit\Middleware\DebugKitMiddleware->__invoke(Object(Cake\Http\ServerRequest), Object(Cake\Http\Response), Object(Cake\Http\Runner))
#12 C:\EasyPHP-Devserver-17\eds-www\ApplicationGit\vendor\cakephp\cakephp\src\Http\Runner.php(51): Cake\Http\Runner->__invoke(Object(Cake\Http\ServerRequest), Object(Cake\Http\Response))
#13 C:\EasyPHP-Devserver-17\eds-www\ApplicationGit\vendor\cakephp\cakephp\src\Http\Server.php(81): Cake\Http\Runner->run(Object(Cake\Http\MiddlewareQueue), Object(Cake\Http\ServerRequest), Object(Cake\Http\Response))
#14 C:\EasyPHP-Devserver-17\eds-www\ApplicationGit\webroot\index.php(40): Cake\Http\Server->run()
#15 {main}


2017-09-29 18:01:14 Error: [Cake\Routing\Exception\MissingControllerException] Controller class Css could not be found.
Exception Attributes: array (
  'class' => 'Css',
  'plugin' => false,
  'prefix' => false,
  '_ext' => false,
)
Request URL: /css/bootstrap.css
Referer URL: http://localhost/ApplicationGit/
Stack Trace:
#0 C:\EasyPHP-Devserver-17\eds-www\ApplicationGit\vendor\cakephp\cakephp\src\Http\ControllerFactory.php(38): Cake\Http\ControllerFactory->missingController(Object(Cake\Http\ServerRequest))
#1 C:\EasyPHP-Devserver-17\eds-www\ApplicationGit\vendor\cakephp\cakephp\src\Http\ActionDispatcher.php(90): Cake\Http\ControllerFactory->create(Object(Cake\Http\ServerRequest), Object(Cake\Http\Response))
#2 C:\EasyPHP-Devserver-17\eds-www\ApplicationGit\vendor\cakephp\cakephp\src\Http\BaseApplication.php(103): Cake\Http\ActionDispatcher->dispatch(Object(Cake\Http\ServerRequest), Object(Cake\Http\Response))
#3 C:\EasyPHP-Devserver-17\eds-www\ApplicationGit\vendor\cakephp\cakephp\src\Http\Runner.php(65): Cake\Http\BaseApplication->__invoke(Object(Cake\Http\ServerRequest), Object(Cake\Http\Response), Object(Cake\Http\Runner))
#4 C:\EasyPHP-Devserver-17\eds-www\ApplicationGit\vendor\cakephp\cakephp\src\Routing\Middleware\RoutingMiddleware.php(107): Cake\Http\Runner->__invoke(Object(Cake\Http\ServerRequest), Object(Cake\Http\Response))
#5 C:\EasyPHP-Devserver-17\eds-www\ApplicationGit\vendor\cakephp\cakephp\src\Http\Runner.php(65): Cake\Routing\Middleware\RoutingMiddleware->__invoke(Object(Cake\Http\ServerRequest), Object(Cake\Http\Response), Object(Cake\Http\Runner))
#6 C:\EasyPHP-Devserver-17\eds-www\ApplicationGit\vendor\cakephp\cakephp\src\Routing\Middleware\AssetMiddleware.php(97): Cake\Http\Runner->__invoke(Object(Cake\Http\ServerRequest), Object(Cake\Http\Response))
#7 C:\EasyPHP-Devserver-17\eds-www\ApplicationGit\vendor\cakephp\cakephp\src\Http\Runner.php(65): Cake\Routing\Middleware\AssetMiddleware->__invoke(Object(Cake\Http\ServerRequest), Object(Cake\Http\Response), Object(Cake\Http\Runner))
#8 C:\EasyPHP-Devserver-17\eds-www\ApplicationGit\vendor\cakephp\cakephp\src\Error\Middleware\ErrorHandlerMiddleware.php(95): Cake\Http\Runner->__invoke(Object(Cake\Http\ServerRequest), Object(Cake\Http\Response))
#9 C:\EasyPHP-Devserver-17\eds-www\ApplicationGit\vendor\cakephp\cakephp\src\Http\Runner.php(65): Cake\Error\Middleware\ErrorHandlerMiddleware->__invoke(Object(Cake\Http\ServerRequest), Object(Cake\Http\Response), Object(Cake\Http\Runner))
#10 C:\EasyPHP-Devserver-17\eds-www\ApplicationGit\vendor\cakephp\debug_kit\src\Middleware\DebugKitMiddleware.php(52): Cake\Http\Runner->__invoke(Object(Cake\Http\ServerRequest), Object(Cake\Http\Response))
#11 C:\EasyPHP-Devserver-17\eds-www\ApplicationGit\vendor\cakephp\cakephp\src\Http\Runner.php(65): DebugKit\Middleware\DebugKitMiddleware->__invoke(Object(Cake\Http\ServerRequest), Object(Cake\Http\Response), Object(Cake\Http\Runner))
#12 C:\EasyPHP-Devserver-17\eds-www\ApplicationGit\vendor\cakephp\cakephp\src\Http\Runner.php(51): Cake\Http\Runner->__invoke(Object(Cake\Http\ServerRequest), Object(Cake\Http\Response))
#13 C:\EasyPHP-Devserver-17\eds-www\ApplicationGit\vendor\cakephp\cakephp\src\Http\Server.php(81): Cake\Http\Runner->run(Object(Cake\Http\MiddlewareQueue), Object(Cake\Http\ServerRequest), Object(Cake\Http\Response))
#14 C:\EasyPHP-Devserver-17\eds-www\ApplicationGit\webroot\index.php(40): Cake\Http\Server->run()
#15 {main}


2017-09-29 18:01:18 Warning: Warning (4096): Argument 1 passed to App\Controller\UsersController::beforeFilter() must be an instance of App\Controller\Event, instance of Cake\Event\Event given, called in C:\EasyPHP-Devserver-17\eds-www\ApplicationGit\vendor\cakephp\cakephp\src\Event\EventManager.php on line 416 and defined in [C:\EasyPHP-Devserver-17\eds-www\ApplicationGit\src\Controller\UsersController.php, line 112]
Request URL: /users/login
Referer URL: http://localhost/ApplicationGit/
Client IP: 127.0.0.1
Trace:
Cake\Error\BaseErrorHandler::handleError() - CORE\src\Error\BaseErrorHandler.php, line 153
App\Controller\UsersController::beforeFilter() - APP/Controller\UsersController.php, line 112
Cake\Event\EventManager::_callListener() - CORE\src\Event\EventManager.php, line 416
Cake\Event\EventManager::dispatch() - CORE\src\Event\EventManager.php, line 393
Cake\Controller\Controller::dispatchEvent() - CORE\src\Event\EventDispatcherTrait.php, line 110
Cake\Controller\Controller::startupProcess() - CORE\src\Controller\Controller.php, line 502
Cake\Http\ActionDispatcher::_invoke() - CORE\src\Http\ActionDispatcher.php, line 114
Cake\Http\ActionDispatcher::dispatch() - CORE\src\Http\ActionDispatcher.php, line 93
Cake\Http\BaseApplication::__invoke() - CORE\src\Http\BaseApplication.php, line 103
Cake\Http\Runner::__invoke() - CORE\src\Http\Runner.php, line 65
Cake\Routing\Middleware\RoutingMiddleware::__invoke() - CORE\src\Routing\Middleware\RoutingMiddleware.php, line 107
Cake\Http\Runner::__invoke() - CORE\src\Http\Runner.php, line 65
Cake\Routing\Middleware\AssetMiddleware::__invoke() - CORE\src\Routing\Middleware\AssetMiddleware.php, line 88
Cake\Http\Runner::__invoke() - CORE\src\Http\Runner.php, line 65
Cake\Error\Middleware\ErrorHandlerMiddleware::__invoke() - CORE\src\Error\Middleware\ErrorHandlerMiddleware.php, line 95
Cake\Http\Runner::__invoke() - CORE\src\Http\Runner.php, line 65
DebugKit\Middleware\DebugKitMiddleware::__invoke() - ROOT\vendor\cakephp\debug_kit\src\Middleware\DebugKitMiddleware.php, line 52
Cake\Http\Runner::__invoke() - CORE\src\Http\Runner.php, line 65
Cake\Http\Runner::run() - CORE\src\Http\Runner.php, line 51
Cake\Http\Server::run() - CORE\src\Http\Server.php, line 81
[main] - ROOT\webroot\index.php, line 40



2017-09-29 18:01:19 Warning: Warning (512): Unable to emit headers. Headers sent in file=C:\EasyPHP-Devserver-17\eds-www\ApplicationGit\vendor\cakephp\cakephp\src\Error\Debugger.php line=850 in [C:\EasyPHP-Devserver-17\eds-www\ApplicationGit\vendor\cakephp\cakephp\src\Http\ResponseEmitter.php, line 48]
Request URL: /users/login
Referer URL: http://localhost/ApplicationGit/
Client IP: 127.0.0.1
Trace:
Cake\Error\BaseErrorHandler::handleError() - CORE\src\Error\BaseErrorHandler.php, line 153
Cake\Http\ResponseEmitter::emit() - CORE\src\Http\ResponseEmitter.php, line 48
Cake\Http\Server::emit() - CORE\src\Http\Server.php, line 106
[main] - ROOT\webroot\index.php, line 40



2017-09-29 18:01:19 Warning: Warning (2): Cannot modify header information - headers already sent by (output started at C:\EasyPHP-Devserver-17\eds-www\ApplicationGit\vendor\cakephp\cakephp\src\Error\Debugger.php:850) in [C:\EasyPHP-Devserver-17\eds-www\ApplicationGit\vendor\cakephp\cakephp\src\Http\ResponseEmitter.php, line 149]
Request URL: /users/login
Referer URL: http://localhost/ApplicationGit/
Client IP: 127.0.0.1
Trace:
Cake\Error\BaseErrorHandler::handleError() - CORE\src\Error\BaseErrorHandler.php, line 153
header - [internal], line ??
Cake\Http\ResponseEmitter::emitStatusLine() - CORE\src\Http\ResponseEmitter.php, line 149
Cake\Http\ResponseEmitter::emit() - CORE\src\Http\ResponseEmitter.php, line 54
Cake\Http\Server::emit() - CORE\src\Http\Server.php, line 106
[main] - ROOT\webroot\index.php, line 40



2017-09-29 18:01:19 Warning: Warning (2): Cannot modify header information - headers already sent by (output started at C:\EasyPHP-Devserver-17\eds-www\ApplicationGit\vendor\cakephp\cakephp\src\Error\Debugger.php:850) in [C:\EasyPHP-Devserver-17\eds-www\ApplicationGit\vendor\cakephp\cakephp\src\Http\ResponseEmitter.php, line 181]
Request URL: /users/login
Referer URL: http://localhost/ApplicationGit/
Client IP: 127.0.0.1
Trace:
Cake\Error\BaseErrorHandler::handleError() - CORE\src\Error\BaseErrorHandler.php, line 153
header - [internal], line ??
Cake\Http\ResponseEmitter::emitHeaders() - CORE\src\Http\ResponseEmitter.php, line 181
Cake\Http\ResponseEmitter::emit() - CORE\src\Http\ResponseEmitter.php, line 55
Cake\Http\Server::emit() - CORE\src\Http\Server.php, line 106
[main] - ROOT\webroot\index.php, line 40



2017-09-29 18:01:19 Warning: Warning (2): Cannot modify header information - headers already sent by (output started at C:\EasyPHP-Devserver-17\eds-www\ApplicationGit\vendor\cakephp\cakephp\src\Error\Debugger.php:850) in [C:\EasyPHP-Devserver-17\eds-www\ApplicationGit\vendor\cakephp\cakephp\src\Http\ResponseEmitter.php, line 181]
Request URL: /users/login
Referer URL: http://localhost/ApplicationGit/
Client IP: 127.0.0.1
Trace:
Cake\Error\BaseErrorHandler::handleError() - CORE\src\Error\BaseErrorHandler.php, line 153
header - [internal], line ??
Cake\Http\ResponseEmitter::emitHeaders() - CORE\src\Http\ResponseEmitter.php, line 181
Cake\Http\ResponseEmitter::emit() - CORE\src\Http\ResponseEmitter.php, line 55
Cake\Http\Server::emit() - CORE\src\Http\Server.php, line 106
[main] - ROOT\webroot\index.php, line 40



2017-09-29 18:03:17 Error: Fatal Error (1): Class 'App\Model\Entity\DefaultPasswordHasher' not found in [C:\EasyPHP-Devserver-17\eds-www\ApplicationGit\src\Model\Entity\User.php, line 52]
Request URL: /users/add
Referer URL: http://localhost/ApplicationGit/users/add
Client IP: 127.0.0.1
Trace:
Cake\Error\BaseErrorHandler::handleFatalError() - CORE\src\Error\BaseErrorHandler.php, line 223
Cake\Error\BaseErrorHandler::Cake\Error\{closure}() - CORE\src\Error\BaseErrorHandler.php, line 105
[main] - [internal], line ??



2017-09-29 18:03:17 Error: [Cake\Error\FatalErrorException] Class 'App\Model\Entity\DefaultPasswordHasher' not found in C:\EasyPHP-Devserver-17\eds-www\ApplicationGit\src\Model\Entity\User.php on line 52
Request URL: /users/add
Referer URL: http://localhost/ApplicationGit/users/add
Client IP: 127.0.0.1
Stack Trace:
#0 C:\EasyPHP-Devserver-17\eds-www\ApplicationGit\vendor\cakephp\cakephp\src\Error\BaseErrorHandler.php(105): Cake\Error\BaseErrorHandler->handleFatalError(1, 'Class 'App\\Mode...', 'C:\\EasyPHP-Devs...', 52)
#1 [internal function]: Cake\Error\BaseErrorHandler->Cake\Error\{closure}()
#2 {main}


2017-09-29 18:04:41 Error: Fatal Error (4): syntax error, unexpected 'class' (T_CLASS), expecting ',' or ';' in [C:\EasyPHP-Devserver-17\eds-www\ApplicationGit\src\Model\Entity\User.php, line 18]
Request URL: /users/add
Referer URL: http://localhost/ApplicationGit/users/login
Client IP: 127.0.0.1
Trace:
Cake\Error\BaseErrorHandler::handleFatalError() - CORE\src\Error\BaseErrorHandler.php, line 223
Cake\Error\BaseErrorHandler::Cake\Error\{closure}() - CORE\src\Error\BaseErrorHandler.php, line 105
[main] - [internal], line ??



2017-09-29 18:04:41 Error: [Cake\Error\FatalErrorException] syntax error, unexpected 'class' (T_CLASS), expecting ',' or ';' in C:\EasyPHP-Devserver-17\eds-www\ApplicationGit\src\Model\Entity\User.php on line 18
Request URL: /users/add
Referer URL: http://localhost/ApplicationGit/users/login
Client IP: 127.0.0.1
Stack Trace:
#0 C:\EasyPHP-Devserver-17\eds-www\ApplicationGit\vendor\cakephp\cakephp\src\Error\BaseErrorHandler.php(105): Cake\Error\BaseErrorHandler->handleFatalError(4, 'syntax error, u...', 'C:\\EasyPHP-Devs...', 18)
#1 [internal function]: Cake\Error\BaseErrorHandler->Cake\Error\{closure}()
#2 {main}


2017-09-29 18:05:19 Error: [Cake\Routing\Exception\MissingControllerException] Controller class Css could not be found.
Exception Attributes: array (
  'class' => 'Css',
  'plugin' => false,
  'prefix' => false,
  '_ext' => false,
)
Request URL: /css/bootstrap.css
Referer URL: http://localhost/ApplicationGit/
Stack Trace:
#0 C:\EasyPHP-Devserver-17\eds-www\ApplicationGit\vendor\cakephp\cakephp\src\Http\ControllerFactory.php(38): Cake\Http\ControllerFactory->missingController(Object(Cake\Http\ServerRequest))
#1 C:\EasyPHP-Devserver-17\eds-www\ApplicationGit\vendor\cakephp\cakephp\src\Http\ActionDispatcher.php(90): Cake\Http\ControllerFactory->create(Object(Cake\Http\ServerRequest), Object(Cake\Http\Response))
#2 C:\EasyPHP-Devserver-17\eds-www\ApplicationGit\vendor\cakephp\cakephp\src\Http\BaseApplication.php(103): Cake\Http\ActionDispatcher->dispatch(Object(Cake\Http\ServerRequest), Object(Cake\Http\Response))
#3 C:\EasyPHP-Devserver-17\eds-www\ApplicationGit\vendor\cakephp\cakephp\src\Http\Runner.php(65): Cake\Http\BaseApplication->__invoke(Object(Cake\Http\ServerRequest), Object(Cake\Http\Response), Object(Cake\Http\Runner))
#4 C:\EasyPHP-Devserver-17\eds-www\ApplicationGit\vendor\cakephp\cakephp\src\Routing\Middleware\RoutingMiddleware.php(107): Cake\Http\Runner->__invoke(Object(Cake\Http\ServerRequest), Object(Cake\Http\Response))
#5 C:\EasyPHP-Devserver-17\eds-www\ApplicationGit\vendor\cakephp\cakephp\src\Http\Runner.php(65): Cake\Routing\Middleware\RoutingMiddleware->__invoke(Object(Cake\Http\ServerRequest), Object(Cake\Http\Response), Object(Cake\Http\Runner))
#6 C:\EasyPHP-Devserver-17\eds-www\ApplicationGit\vendor\cakephp\cakephp\src\Routing\Middleware\AssetMiddleware.php(97): Cake\Http\Runner->__invoke(Object(Cake\Http\ServerRequest), Object(Cake\Http\Response))
#7 C:\EasyPHP-Devserver-17\eds-www\ApplicationGit\vendor\cakephp\cakephp\src\Http\Runner.php(65): Cake\Routing\Middleware\AssetMiddleware->__invoke(Object(Cake\Http\ServerRequest), Object(Cake\Http\Response), Object(Cake\Http\Runner))
#8 C:\EasyPHP-Devserver-17\eds-www\ApplicationGit\vendor\cakephp\cakephp\src\Error\Middleware\ErrorHandlerMiddleware.php(95): Cake\Http\Runner->__invoke(Object(Cake\Http\ServerRequest), Object(Cake\Http\Response))
#9 C:\EasyPHP-Devserver-17\eds-www\ApplicationGit\vendor\cakephp\cakephp\src\Http\Runner.php(65): Cake\Error\Middleware\ErrorHandlerMiddleware->__invoke(Object(Cake\Http\ServerRequest), Object(Cake\Http\Response), Object(Cake\Http\Runner))
#10 C:\EasyPHP-Devserver-17\eds-www\ApplicationGit\vendor\cakephp\debug_kit\src\Middleware\DebugKitMiddleware.php(52): Cake\Http\Runner->__invoke(Object(Cake\Http\ServerRequest), Object(Cake\Http\Response))
#11 C:\EasyPHP-Devserver-17\eds-www\ApplicationGit\vendor\cakephp\cakephp\src\Http\Runner.php(65): DebugKit\Middleware\DebugKitMiddleware->__invoke(Object(Cake\Http\ServerRequest), Object(Cake\Http\Response), Object(Cake\Http\Runner))
#12 C:\EasyPHP-Devserver-17\eds-www\ApplicationGit\vendor\cakephp\cakephp\src\Http\Runner.php(51): Cake\Http\Runner->__invoke(Object(Cake\Http\ServerRequest), Object(Cake\Http\Response))
#13 C:\EasyPHP-Devserver-17\eds-www\ApplicationGit\vendor\cakephp\cakephp\src\Http\Server.php(81): Cake\Http\Runner->run(Object(Cake\Http\MiddlewareQueue), Object(Cake\Http\ServerRequest), Object(Cake\Http\Response))
#14 C:\EasyPHP-Devserver-17\eds-www\ApplicationGit\webroot\index.php(40): Cake\Http\Server->run()
#15 {main}


2017-09-29 18:05:20 Error: [Cake\Routing\Exception\MissingControllerException] Controller class Css could not be found.
Exception Attributes: array (
  'class' => 'Css',
  'plugin' => false,
  'prefix' => false,
  '_ext' => false,
)
Request URL: /css/style.css
Referer URL: http://localhost/ApplicationGit/
Stack Trace:
#0 C:\EasyPHP-Devserver-17\eds-www\ApplicationGit\vendor\cakephp\cakephp\src\Http\ControllerFactory.php(38): Cake\Http\ControllerFactory->missingController(Object(Cake\Http\ServerRequest))
#1 C:\EasyPHP-Devserver-17\eds-www\ApplicationGit\vendor\cakephp\cakephp\src\Http\ActionDispatcher.php(90): Cake\Http\ControllerFactory->create(Object(Cake\Http\ServerRequest), Object(Cake\Http\Response))
#2 C:\EasyPHP-Devserver-17\eds-www\ApplicationGit\vendor\cakephp\cakephp\src\Http\BaseApplication.php(103): Cake\Http\ActionDispatcher->dispatch(Object(Cake\Http\ServerRequest), Object(Cake\Http\Response))
#3 C:\EasyPHP-Devserver-17\eds-www\ApplicationGit\vendor\cakephp\cakephp\src\Http\Runner.php(65): Cake\Http\BaseApplication->__invoke(Object(Cake\Http\ServerRequest), Object(Cake\Http\Response), Object(Cake\Http\Runner))
#4 C:\EasyPHP-Devserver-17\eds-www\ApplicationGit\vendor\cakephp\cakephp\src\Routing\Middleware\RoutingMiddleware.php(107): Cake\Http\Runner->__invoke(Object(Cake\Http\ServerRequest), Object(Cake\Http\Response))
#5 C:\EasyPHP-Devserver-17\eds-www\ApplicationGit\vendor\cakephp\cakephp\src\Http\Runner.php(65): Cake\Routing\Middleware\RoutingMiddleware->__invoke(Object(Cake\Http\ServerRequest), Object(Cake\Http\Response), Object(Cake\Http\Runner))
#6 C:\EasyPHP-Devserver-17\eds-www\ApplicationGit\vendor\cakephp\cakephp\src\Routing\Middleware\AssetMiddleware.php(97): Cake\Http\Runner->__invoke(Object(Cake\Http\ServerRequest), Object(Cake\Http\Response))
#7 C:\EasyPHP-Devserver-17\eds-www\ApplicationGit\vendor\cakephp\cakephp\src\Http\Runner.php(65): Cake\Routing\Middleware\AssetMiddleware->__invoke(Object(Cake\Http\ServerRequest), Object(Cake\Http\Response), Object(Cake\Http\Runner))
#8 C:\EasyPHP-Devserver-17\eds-www\ApplicationGit\vendor\cakephp\cakephp\src\Error\Middleware\ErrorHandlerMiddleware.php(95): Cake\Http\Runner->__invoke(Object(Cake\Http\ServerRequest), Object(Cake\Http\Response))
#9 C:\EasyPHP-Devserver-17\eds-www\ApplicationGit\vendor\cakephp\cakephp\src\Http\Runner.php(65): Cake\Error\Middleware\ErrorHandlerMiddleware->__invoke(Object(Cake\Http\ServerRequest), Object(Cake\Http\Response), Object(Cake\Http\Runner))
#10 C:\EasyPHP-Devserver-17\eds-www\ApplicationGit\vendor\cakephp\debug_kit\src\Middleware\DebugKitMiddleware.php(52): Cake\Http\Runner->__invoke(Object(Cake\Http\ServerRequest), Object(Cake\Http\Response))
#11 C:\EasyPHP-Devserver-17\eds-www\ApplicationGit\vendor\cakephp\cakephp\src\Http\Runner.php(65): DebugKit\Middleware\DebugKitMiddleware->__invoke(Object(Cake\Http\ServerRequest), Object(Cake\Http\Response), Object(Cake\Http\Runner))
#12 C:\EasyPHP-Devserver-17\eds-www\ApplicationGit\vendor\cakephp\cakephp\src\Http\Runner.php(51): Cake\Http\Runner->__invoke(Object(Cake\Http\ServerRequest), Object(Cake\Http\Response))
#13 C:\EasyPHP-Devserver-17\eds-www\ApplicationGit\vendor\cakephp\cakephp\src\Http\Server.php(81): Cake\Http\Runner->run(Object(Cake\Http\MiddlewareQueue), Object(Cake\Http\ServerRequest), Object(Cake\Http\Response))
#14 C:\EasyPHP-Devserver-17\eds-www\ApplicationGit\webroot\index.php(40): Cake\Http\Server->run()
#15 {main}


2017-09-29 18:05:26 Error: [Cake\Routing\Exception\MissingControllerException] Controller class Css could not be found.
Exception Attributes: array (
  'class' => 'Css',
  'plugin' => false,
  'prefix' => false,
  '_ext' => false,
)
Request URL: /css/bootstrap.css
Referer URL: http://localhost/ApplicationGit/
Stack Trace:
#0 C:\EasyPHP-Devserver-17\eds-www\ApplicationGit\vendor\cakephp\cakephp\src\Http\ControllerFactory.php(38): Cake\Http\ControllerFactory->missingController(Object(Cake\Http\ServerRequest))
#1 C:\EasyPHP-Devserver-17\eds-www\ApplicationGit\vendor\cakephp\cakephp\src\Http\ActionDispatcher.php(90): Cake\Http\ControllerFactory->create(Object(Cake\Http\ServerRequest), Object(Cake\Http\Response))
#2 C:\EasyPHP-Devserver-17\eds-www\ApplicationGit\vendor\cakephp\cakephp\src\Http\BaseApplication.php(103): Cake\Http\ActionDispatcher->dispatch(Object(Cake\Http\ServerRequest), Object(Cake\Http\Response))
#3 C:\EasyPHP-Devserver-17\eds-www\ApplicationGit\vendor\cakephp\cakephp\src\Http\Runner.php(65): Cake\Http\BaseApplication->__invoke(Object(Cake\Http\ServerRequest), Object(Cake\Http\Response), Object(Cake\Http\Runner))
#4 C:\EasyPHP-Devserver-17\eds-www\ApplicationGit\vendor\cakephp\cakephp\src\Routing\Middleware\RoutingMiddleware.php(107): Cake\Http\Runner->__invoke(Object(Cake\Http\ServerRequest), Object(Cake\Http\Response))
#5 C:\EasyPHP-Devserver-17\eds-www\ApplicationGit\vendor\cakephp\cakephp\src\Http\Runner.php(65): Cake\Routing\Middleware\RoutingMiddleware->__invoke(Object(Cake\Http\ServerRequest), Object(Cake\Http\Response), Object(Cake\Http\Runner))
#6 C:\EasyPHP-Devserver-17\eds-www\ApplicationGit\vendor\cakephp\cakephp\src\Routing\Middleware\AssetMiddleware.php(97): Cake\Http\Runner->__invoke(Object(Cake\Http\ServerRequest), Object(Cake\Http\Response))
#7 C:\EasyPHP-Devserver-17\eds-www\ApplicationGit\vendor\cakephp\cakephp\src\Http\Runner.php(65): Cake\Routing\Middleware\AssetMiddleware->__invoke(Object(Cake\Http\ServerRequest), Object(Cake\Http\Response), Object(Cake\Http\Runner))
#8 C:\EasyPHP-Devserver-17\eds-www\ApplicationGit\vendor\cakephp\cakephp\src\Error\Middleware\ErrorHandlerMiddleware.php(95): Cake\Http\Runner->__invoke(Object(Cake\Http\ServerRequest), Object(Cake\Http\Response))
#9 C:\EasyPHP-Devserver-17\eds-www\ApplicationGit\vendor\cakephp\cakephp\src\Http\Runner.php(65): Cake\Error\Middleware\ErrorHandlerMiddleware->__invoke(Object(Cake\Http\ServerRequest), Object(Cake\Http\Response), Object(Cake\Http\Runner))
#10 C:\EasyPHP-Devserver-17\eds-www\ApplicationGit\vendor\cakephp\debug_kit\src\Middleware\DebugKitMiddleware.php(52): Cake\Http\Runner->__invoke(Object(Cake\Http\ServerRequest), Object(Cake\Http\Response))
#11 C:\EasyPHP-Devserver-17\eds-www\ApplicationGit\vendor\cakephp\cakephp\src\Http\Runner.php(65): DebugKit\Middleware\DebugKitMiddleware->__invoke(Object(Cake\Http\ServerRequest), Object(Cake\Http\Response), Object(Cake\Http\Runner))
#12 C:\EasyPHP-Devserver-17\eds-www\ApplicationGit\vendor\cakephp\cakephp\src\Http\Runner.php(51): Cake\Http\Runner->__invoke(Object(Cake\Http\ServerRequest), Object(Cake\Http\Response))
#13 C:\EasyPHP-Devserver-17\eds-www\ApplicationGit\vendor\cakephp\cakephp\src\Http\Server.php(81): Cake\Http\Runner->run(Object(Cake\Http\MiddlewareQueue), Object(Cake\Http\ServerRequest), Object(Cake\Http\Response))
#14 C:\EasyPHP-Devserver-17\eds-www\ApplicationGit\webroot\index.php(40): Cake\Http\Server->run()
#15 {main}


2017-09-29 18:05:26 Error: [Cake\Routing\Exception\MissingControllerException] Controller class Css could not be found.
Exception Attributes: array (
  'class' => 'Css',
  'plugin' => false,
  'prefix' => false,
  '_ext' => false,
)
Request URL: /css/style.css
Referer URL: http://localhost/ApplicationGit/
Stack Trace:
#0 C:\EasyPHP-Devserver-17\eds-www\ApplicationGit\vendor\cakephp\cakephp\src\Http\ControllerFactory.php(38): Cake\Http\ControllerFactory->missingController(Object(Cake\Http\ServerRequest))
#1 C:\EasyPHP-Devserver-17\eds-www\ApplicationGit\vendor\cakephp\cakephp\src\Http\ActionDispatcher.php(90): Cake\Http\ControllerFactory->create(Object(Cake\Http\ServerRequest), Object(Cake\Http\Response))
#2 C:\EasyPHP-Devserver-17\eds-www\ApplicationGit\vendor\cakephp\cakephp\src\Http\BaseApplication.php(103): Cake\Http\ActionDispatcher->dispatch(Object(Cake\Http\ServerRequest), Object(Cake\Http\Response))
#3 C:\EasyPHP-Devserver-17\eds-www\ApplicationGit\vendor\cakephp\cakephp\src\Http\Runner.php(65): Cake\Http\BaseApplication->__invoke(Object(Cake\Http\ServerRequest), Object(Cake\Http\Response), Object(Cake\Http\Runner))
#4 C:\EasyPHP-Devserver-17\eds-www\ApplicationGit\vendor\cakephp\cakephp\src\Routing\Middleware\RoutingMiddleware.php(107): Cake\Http\Runner->__invoke(Object(Cake\Http\ServerRequest), Object(Cake\Http\Response))
#5 C:\EasyPHP-Devserver-17\eds-www\ApplicationGit\vendor\cakephp\cakephp\src\Http\Runner.php(65): Cake\Routing\Middleware\RoutingMiddleware->__invoke(Object(Cake\Http\ServerRequest), Object(Cake\Http\Response), Object(Cake\Http\Runner))
#6 C:\EasyPHP-Devserver-17\eds-www\ApplicationGit\vendor\cakephp\cakephp\src\Routing\Middleware\AssetMiddleware.php(97): Cake\Http\Runner->__invoke(Object(Cake\Http\ServerRequest), Object(Cake\Http\Response))
#7 C:\EasyPHP-Devserver-17\eds-www\ApplicationGit\vendor\cakephp\cakephp\src\Http\Runner.php(65): Cake\Routing\Middleware\AssetMiddleware->__invoke(Object(Cake\Http\ServerRequest), Object(Cake\Http\Response), Object(Cake\Http\Runner))
#8 C:\EasyPHP-Devserver-17\eds-www\ApplicationGit\vendor\cakephp\cakephp\src\Error\Middleware\ErrorHandlerMiddleware.php(95): Cake\Http\Runner->__invoke(Object(Cake\Http\ServerRequest), Object(Cake\Http\Response))
#9 C:\EasyPHP-Devserver-17\eds-www\ApplicationGit\vendor\cakephp\cakephp\src\Http\Runner.php(65): Cake\Error\Middleware\ErrorHandlerMiddleware->__invoke(Object(Cake\Http\ServerRequest), Object(Cake\Http\Response), Object(Cake\Http\Runner))
#10 C:\EasyPHP-Devserver-17\eds-www\ApplicationGit\vendor\cakephp\debug_kit\src\Middleware\DebugKitMiddleware.php(52): Cake\Http\Runner->__invoke(Object(Cake\Http\ServerRequest), Object(Cake\Http\Response))
#11 C:\EasyPHP-Devserver-17\eds-www\ApplicationGit\vendor\cakephp\cakephp\src\Http\Runner.php(65): DebugKit\Middleware\DebugKitMiddleware->__invoke(Object(Cake\Http\ServerRequest), Object(Cake\Http\Response), Object(Cake\Http\Runner))
#12 C:\EasyPHP-Devserver-17\eds-www\ApplicationGit\vendor\cakephp\cakephp\src\Http\Runner.php(51): Cake\Http\Runner->__invoke(Object(Cake\Http\ServerRequest), Object(Cake\Http\Response))
#13 C:\EasyPHP-Devserver-17\eds-www\ApplicationGit\vendor\cakephp\cakephp\src\Http\Server.php(81): Cake\Http\Runner->run(Object(Cake\Http\MiddlewareQueue), Object(Cake\Http\ServerRequest), Object(Cake\Http\Response))
#14 C:\EasyPHP-Devserver-17\eds-www\ApplicationGit\webroot\index.php(40): Cake\Http\Server->run()
#15 {main}


2017-09-29 18:05:59 Error: [Cake\Routing\Exception\MissingControllerException] Controller class Css could not be found.
Exception Attributes: array (
  'class' => 'Css',
  'plugin' => false,
  'prefix' => false,
  '_ext' => false,
)
Request URL: /css/bootstrap.css
Referer URL: http://localhost/ApplicationGit/
Stack Trace:
#0 C:\EasyPHP-Devserver-17\eds-www\ApplicationGit\vendor\cakephp\cakephp\src\Http\ControllerFactory.php(38): Cake\Http\ControllerFactory->missingController(Object(Cake\Http\ServerRequest))
#1 C:\EasyPHP-Devserver-17\eds-www\ApplicationGit\vendor\cakephp\cakephp\src\Http\ActionDispatcher.php(90): Cake\Http\ControllerFactory->create(Object(Cake\Http\ServerRequest), Object(Cake\Http\Response))
#2 C:\EasyPHP-Devserver-17\eds-www\ApplicationGit\vendor\cakephp\cakephp\src\Http\BaseApplication.php(103): Cake\Http\ActionDispatcher->dispatch(Object(Cake\Http\ServerRequest), Object(Cake\Http\Response))
#3 C:\EasyPHP-Devserver-17\eds-www\ApplicationGit\vendor\cakephp\cakephp\src\Http\Runner.php(65): Cake\Http\BaseApplication->__invoke(Object(Cake\Http\ServerRequest), Object(Cake\Http\Response), Object(Cake\Http\Runner))
#4 C:\EasyPHP-Devserver-17\eds-www\ApplicationGit\vendor\cakephp\cakephp\src\Routing\Middleware\RoutingMiddleware.php(107): Cake\Http\Runner->__invoke(Object(Cake\Http\ServerRequest), Object(Cake\Http\Response))
#5 C:\EasyPHP-Devserver-17\eds-www\ApplicationGit\vendor\cakephp\cakephp\src\Http\Runner.php(65): Cake\Routing\Middleware\RoutingMiddleware->__invoke(Object(Cake\Http\ServerRequest), Object(Cake\Http\Response), Object(Cake\Http\Runner))
#6 C:\EasyPHP-Devserver-17\eds-www\ApplicationGit\vendor\cakephp\cakephp\src\Routing\Middleware\AssetMiddleware.php(97): Cake\Http\Runner->__invoke(Object(Cake\Http\ServerRequest), Object(Cake\Http\Response))
#7 C:\EasyPHP-Devserver-17\eds-www\ApplicationGit\vendor\cakephp\cakephp\src\Http\Runner.php(65): Cake\Routing\Middleware\AssetMiddleware->__invoke(Object(Cake\Http\ServerRequest), Object(Cake\Http\Response), Object(Cake\Http\Runner))
#8 C:\EasyPHP-Devserver-17\eds-www\ApplicationGit\vendor\cakephp\cakephp\src\Error\Middleware\ErrorHandlerMiddleware.php(95): Cake\Http\Runner->__invoke(Object(Cake\Http\ServerRequest), Object(Cake\Http\Response))
#9 C:\EasyPHP-Devserver-17\eds-www\ApplicationGit\vendor\cakephp\cakephp\src\Http\Runner.php(65): Cake\Error\Middleware\ErrorHandlerMiddleware->__invoke(Object(Cake\Http\ServerRequest), Object(Cake\Http\Response), Object(Cake\Http\Runner))
#10 C:\EasyPHP-Devserver-17\eds-www\ApplicationGit\vendor\cakephp\debug_kit\src\Middleware\DebugKitMiddleware.php(52): Cake\Http\Runner->__invoke(Object(Cake\Http\ServerRequest), Object(Cake\Http\Response))
#11 C:\EasyPHP-Devserver-17\eds-www\ApplicationGit\vendor\cakephp\cakephp\src\Http\Runner.php(65): DebugKit\Middleware\DebugKitMiddleware->__invoke(Object(Cake\Http\ServerRequest), Object(Cake\Http\Response), Object(Cake\Http\Runner))
#12 C:\EasyPHP-Devserver-17\eds-www\ApplicationGit\vendor\cakephp\cakephp\src\Http\Runner.php(51): Cake\Http\Runner->__invoke(Object(Cake\Http\ServerRequest), Object(Cake\Http\Response))
#13 C:\EasyPHP-Devserver-17\eds-www\ApplicationGit\vendor\cakephp\cakephp\src\Http\Server.php(81): Cake\Http\Runner->run(Object(Cake\Http\MiddlewareQueue), Object(Cake\Http\ServerRequest), Object(Cake\Http\Response))
#14 C:\EasyPHP-Devserver-17\eds-www\ApplicationGit\webroot\index.php(40): Cake\Http\Server->run()
#15 {main}


2017-09-29 18:05:59 Error: [Cake\Routing\Exception\MissingControllerException] Controller class Css could not be found.
Exception Attributes: array (
  'class' => 'Css',
  'plugin' => false,
  'prefix' => false,
  '_ext' => false,
)
Request URL: /css/style.css
Referer URL: http://localhost/ApplicationGit/
Stack Trace:
#0 C:\EasyPHP-Devserver-17\eds-www\ApplicationGit\vendor\cakephp\cakephp\src\Http\ControllerFactory.php(38): Cake\Http\ControllerFactory->missingController(Object(Cake\Http\ServerRequest))
#1 C:\EasyPHP-Devserver-17\eds-www\ApplicationGit\vendor\cakephp\cakephp\src\Http\ActionDispatcher.php(90): Cake\Http\ControllerFactory->create(Object(Cake\Http\ServerRequest), Object(Cake\Http\Response))
#2 C:\EasyPHP-Devserver-17\eds-www\ApplicationGit\vendor\cakephp\cakephp\src\Http\BaseApplication.php(103): Cake\Http\ActionDispatcher->dispatch(Object(Cake\Http\ServerRequest), Object(Cake\Http\Response))
#3 C:\EasyPHP-Devserver-17\eds-www\ApplicationGit\vendor\cakephp\cakephp\src\Http\Runner.php(65): Cake\Http\BaseApplication->__invoke(Object(Cake\Http\ServerRequest), Object(Cake\Http\Response), Object(Cake\Http\Runner))
#4 C:\EasyPHP-Devserver-17\eds-www\ApplicationGit\vendor\cakephp\cakephp\src\Routing\Middleware\RoutingMiddleware.php(107): Cake\Http\Runner->__invoke(Object(Cake\Http\ServerRequest), Object(Cake\Http\Response))
#5 C:\EasyPHP-Devserver-17\eds-www\ApplicationGit\vendor\cakephp\cakephp\src\Http\Runner.php(65): Cake\Routing\Middleware\RoutingMiddleware->__invoke(Object(Cake\Http\ServerRequest), Object(Cake\Http\Response), Object(Cake\Http\Runner))
#6 C:\EasyPHP-Devserver-17\eds-www\ApplicationGit\vendor\cakephp\cakephp\src\Routing\Middleware\AssetMiddleware.php(97): Cake\Http\Runner->__invoke(Object(Cake\Http\ServerRequest), Object(Cake\Http\Response))
#7 C:\EasyPHP-Devserver-17\eds-www\ApplicationGit\vendor\cakephp\cakephp\src\Http\Runner.php(65): Cake\Routing\Middleware\AssetMiddleware->__invoke(Object(Cake\Http\ServerRequest), Object(Cake\Http\Response), Object(Cake\Http\Runner))
#8 C:\EasyPHP-Devserver-17\eds-www\ApplicationGit\vendor\cakephp\cakephp\src\Error\Middleware\ErrorHandlerMiddleware.php(95): Cake\Http\Runner->__invoke(Object(Cake\Http\ServerRequest), Object(Cake\Http\Response))
#9 C:\EasyPHP-Devserver-17\eds-www\ApplicationGit\vendor\cakephp\cakephp\src\Http\Runner.php(65): Cake\Error\Middleware\ErrorHandlerMiddleware->__invoke(Object(Cake\Http\ServerRequest), Object(Cake\Http\Response), Object(Cake\Http\Runner))
#10 C:\EasyPHP-Devserver-17\eds-www\ApplicationGit\vendor\cakephp\debug_kit\src\Middleware\DebugKitMiddleware.php(52): Cake\Http\Runner->__invoke(Object(Cake\Http\ServerRequest), Object(Cake\Http\Response))
#11 C:\EasyPHP-Devserver-17\eds-www\ApplicationGit\vendor\cakephp\cakephp\src\Http\Runner.php(65): DebugKit\Middleware\DebugKitMiddleware->__invoke(Object(Cake\Http\ServerRequest), Object(Cake\Http\Response), Object(Cake\Http\Runner))
#12 C:\EasyPHP-Devserver-17\eds-www\ApplicationGit\vendor\cakephp\cakephp\src\Http\Runner.php(51): Cake\Http\Runner->__invoke(Object(Cake\Http\ServerRequest), Object(Cake\Http\Response))
#13 C:\EasyPHP-Devserver-17\eds-www\ApplicationGit\vendor\cakephp\cakephp\src\Http\Server.php(81): Cake\Http\Runner->run(Object(Cake\Http\MiddlewareQueue), Object(Cake\Http\ServerRequest), Object(Cake\Http\Response))
#14 C:\EasyPHP-Devserver-17\eds-www\ApplicationGit\webroot\index.php(40): Cake\Http\Server->run()
#15 {main}


2017-09-29 18:06:29 Error: [Cake\Routing\Exception\MissingControllerException] Controller class About could not be found.
Exception Attributes: array (
  'class' => 'About',
  'plugin' => false,
  'prefix' => false,
  '_ext' => false,
)
Request URL: /about
Referer URL: http://localhost/ApplicationGit/users
Stack Trace:
#0 C:\EasyPHP-Devserver-17\eds-www\ApplicationGit\vendor\cakephp\cakephp\src\Http\ControllerFactory.php(38): Cake\Http\ControllerFactory->missingController(Object(Cake\Http\ServerRequest))
#1 C:\EasyPHP-Devserver-17\eds-www\ApplicationGit\vendor\cakephp\cakephp\src\Http\ActionDispatcher.php(90): Cake\Http\ControllerFactory->create(Object(Cake\Http\ServerRequest), Object(Cake\Http\Response))
#2 C:\EasyPHP-Devserver-17\eds-www\ApplicationGit\vendor\cakephp\cakephp\src\Http\BaseApplication.php(103): Cake\Http\ActionDispatcher->dispatch(Object(Cake\Http\ServerRequest), Object(Cake\Http\Response))
#3 C:\EasyPHP-Devserver-17\eds-www\ApplicationGit\vendor\cakephp\cakephp\src\Http\Runner.php(65): Cake\Http\BaseApplication->__invoke(Object(Cake\Http\ServerRequest), Object(Cake\Http\Response), Object(Cake\Http\Runner))
#4 C:\EasyPHP-Devserver-17\eds-www\ApplicationGit\vendor\cakephp\cakephp\src\Routing\Middleware\RoutingMiddleware.php(107): Cake\Http\Runner->__invoke(Object(Cake\Http\ServerRequest), Object(Cake\Http\Response))
#5 C:\EasyPHP-Devserver-17\eds-www\ApplicationGit\vendor\cakephp\cakephp\src\Http\Runner.php(65): Cake\Routing\Middleware\RoutingMiddleware->__invoke(Object(Cake\Http\ServerRequest), Object(Cake\Http\Response), Object(Cake\Http\Runner))
#6 C:\EasyPHP-Devserver-17\eds-www\ApplicationGit\vendor\cakephp\cakephp\src\Routing\Middleware\AssetMiddleware.php(88): Cake\Http\Runner->__invoke(Object(Cake\Http\ServerRequest), Object(Cake\Http\Response))
#7 C:\EasyPHP-Devserver-17\eds-www\ApplicationGit\vendor\cakephp\cakephp\src\Http\Runner.php(65): Cake\Routing\Middleware\AssetMiddleware->__invoke(Object(Cake\Http\ServerRequest), Object(Cake\Http\Response), Object(Cake\Http\Runner))
#8 C:\EasyPHP-Devserver-17\eds-www\ApplicationGit\vendor\cakephp\cakephp\src\Error\Middleware\ErrorHandlerMiddleware.php(95): Cake\Http\Runner->__invoke(Object(Cake\Http\ServerRequest), Object(Cake\Http\Response))
#9 C:\EasyPHP-Devserver-17\eds-www\ApplicationGit\vendor\cakephp\cakephp\src\Http\Runner.php(65): Cake\Error\Middleware\ErrorHandlerMiddleware->__invoke(Object(Cake\Http\ServerRequest), Object(Cake\Http\Response), Object(Cake\Http\Runner))
#10 C:\EasyPHP-Devserver-17\eds-www\ApplicationGit\vendor\cakephp\debug_kit\src\Middleware\DebugKitMiddleware.php(52): Cake\Http\Runner->__invoke(Object(Cake\Http\ServerRequest), Object(Cake\Http\Response))
#11 C:\EasyPHP-Devserver-17\eds-www\ApplicationGit\vendor\cakephp\cakephp\src\Http\Runner.php(65): DebugKit\Middleware\DebugKitMiddleware->__invoke(Object(Cake\Http\ServerRequest), Object(Cake\Http\Response), Object(Cake\Http\Runner))
#12 C:\EasyPHP-Devserver-17\eds-www\ApplicationGit\vendor\cakephp\cakephp\src\Http\Runner.php(51): Cake\Http\Runner->__invoke(Object(Cake\Http\ServerRequest), Object(Cake\Http\Response))
#13 C:\EasyPHP-Devserver-17\eds-www\ApplicationGit\vendor\cakephp\cakephp\src\Http\Server.php(81): Cake\Http\Runner->run(Object(Cake\Http\MiddlewareQueue), Object(Cake\Http\ServerRequest), Object(Cake\Http\Response))
#14 C:\EasyPHP-Devserver-17\eds-www\ApplicationGit\webroot\index.php(40): Cake\Http\Server->run()
#15 {main}


2017-09-29 18:10:49 Error: [Cake\Routing\Exception\MissingControllerException] Controller class Css could not be found.
Exception Attributes: array (
  'class' => 'Css',
  'plugin' => false,
  'prefix' => false,
  '_ext' => false,
)
Request URL: /css/bootstrap.css
Referer URL: http://localhost/ApplicationGit/
Stack Trace:
#0 C:\EasyPHP-Devserver-17\eds-www\ApplicationGit\vendor\cakephp\cakephp\src\Http\ControllerFactory.php(38): Cake\Http\ControllerFactory->missingController(Object(Cake\Http\ServerRequest))
#1 C:\EasyPHP-Devserver-17\eds-www\ApplicationGit\vendor\cakephp\cakephp\src\Http\ActionDispatcher.php(90): Cake\Http\ControllerFactory->create(Object(Cake\Http\ServerRequest), Object(Cake\Http\Response))
#2 C:\EasyPHP-Devserver-17\eds-www\ApplicationGit\vendor\cakephp\cakephp\src\Http\BaseApplication.php(103): Cake\Http\ActionDispatcher->dispatch(Object(Cake\Http\ServerRequest), Object(Cake\Http\Response))
#3 C:\EasyPHP-Devserver-17\eds-www\ApplicationGit\vendor\cakephp\cakephp\src\Http\Runner.php(65): Cake\Http\BaseApplication->__invoke(Object(Cake\Http\ServerRequest), Object(Cake\Http\Response), Object(Cake\Http\Runner))
#4 C:\EasyPHP-Devserver-17\eds-www\ApplicationGit\vendor\cakephp\cakephp\src\Routing\Middleware\RoutingMiddleware.php(107): Cake\Http\Runner->__invoke(Object(Cake\Http\ServerRequest), Object(Cake\Http\Response))
#5 C:\EasyPHP-Devserver-17\eds-www\ApplicationGit\vendor\cakephp\cakephp\src\Http\Runner.php(65): Cake\Routing\Middleware\RoutingMiddleware->__invoke(Object(Cake\Http\ServerRequest), Object(Cake\Http\Response), Object(Cake\Http\Runner))
#6 C:\EasyPHP-Devserver-17\eds-www\ApplicationGit\vendor\cakephp\cakephp\src\Routing\Middleware\AssetMiddleware.php(97): Cake\Http\Runner->__invoke(Object(Cake\Http\ServerRequest), Object(Cake\Http\Response))
#7 C:\EasyPHP-Devserver-17\eds-www\ApplicationGit\vendor\cakephp\cakephp\src\Http\Runner.php(65): Cake\Routing\Middleware\AssetMiddleware->__invoke(Object(Cake\Http\ServerRequest), Object(Cake\Http\Response), Object(Cake\Http\Runner))
#8 C:\EasyPHP-Devserver-17\eds-www\ApplicationGit\vendor\cakephp\cakephp\src\Error\Middleware\ErrorHandlerMiddleware.php(95): Cake\Http\Runner->__invoke(Object(Cake\Http\ServerRequest), Object(Cake\Http\Response))
#9 C:\EasyPHP-Devserver-17\eds-www\ApplicationGit\vendor\cakephp\cakephp\src\Http\Runner.php(65): Cake\Error\Middleware\ErrorHandlerMiddleware->__invoke(Object(Cake\Http\ServerRequest), Object(Cake\Http\Response), Object(Cake\Http\Runner))
#10 C:\EasyPHP-Devserver-17\eds-www\ApplicationGit\vendor\cakephp\debug_kit\src\Middleware\DebugKitMiddleware.php(52): Cake\Http\Runner->__invoke(Object(Cake\Http\ServerRequest), Object(Cake\Http\Response))
#11 C:\EasyPHP-Devserver-17\eds-www\ApplicationGit\vendor\cakephp\cakephp\src\Http\Runner.php(65): DebugKit\Middleware\DebugKitMiddleware->__invoke(Object(Cake\Http\ServerRequest), Object(Cake\Http\Response), Object(Cake\Http\Runner))
#12 C:\EasyPHP-Devserver-17\eds-www\ApplicationGit\vendor\cakephp\cakephp\src\Http\Runner.php(51): Cake\Http\Runner->__invoke(Object(Cake\Http\ServerRequest), Object(Cake\Http\Response))
#13 C:\EasyPHP-Devserver-17\eds-www\ApplicationGit\vendor\cakephp\cakephp\src\Http\Server.php(81): Cake\Http\Runner->run(Object(Cake\Http\MiddlewareQueue), Object(Cake\Http\ServerRequest), Object(Cake\Http\Response))
#14 C:\EasyPHP-Devserver-17\eds-www\ApplicationGit\webroot\index.php(40): Cake\Http\Server->run()
#15 {main}


2017-09-29 18:10:50 Error: [Cake\Routing\Exception\MissingControllerException] Controller class Css could not be found.
Exception Attributes: array (
  'class' => 'Css',
  'plugin' => false,
  'prefix' => false,
  '_ext' => false,
)
Request URL: /css/style.css
Referer URL: http://localhost/ApplicationGit/
Stack Trace:
#0 C:\EasyPHP-Devserver-17\eds-www\ApplicationGit\vendor\cakephp\cakephp\src\Http\ControllerFactory.php(38): Cake\Http\ControllerFactory->missingController(Object(Cake\Http\ServerRequest))
#1 C:\EasyPHP-Devserver-17\eds-www\ApplicationGit\vendor\cakephp\cakephp\src\Http\ActionDispatcher.php(90): Cake\Http\ControllerFactory->create(Object(Cake\Http\ServerRequest), Object(Cake\Http\Response))
#2 C:\EasyPHP-Devserver-17\eds-www\ApplicationGit\vendor\cakephp\cakephp\src\Http\BaseApplication.php(103): Cake\Http\ActionDispatcher->dispatch(Object(Cake\Http\ServerRequest), Object(Cake\Http\Response))
#3 C:\EasyPHP-Devserver-17\eds-www\ApplicationGit\vendor\cakephp\cakephp\src\Http\Runner.php(65): Cake\Http\BaseApplication->__invoke(Object(Cake\Http\ServerRequest), Object(Cake\Http\Response), Object(Cake\Http\Runner))
#4 C:\EasyPHP-Devserver-17\eds-www\ApplicationGit\vendor\cakephp\cakephp\src\Routing\Middleware\RoutingMiddleware.php(107): Cake\Http\Runner->__invoke(Object(Cake\Http\ServerRequest), Object(Cake\Http\Response))
#5 C:\EasyPHP-Devserver-17\eds-www\ApplicationGit\vendor\cakephp\cakephp\src\Http\Runner.php(65): Cake\Routing\Middleware\RoutingMiddleware->__invoke(Object(Cake\Http\ServerRequest), Object(Cake\Http\Response), Object(Cake\Http\Runner))
#6 C:\EasyPHP-Devserver-17\eds-www\ApplicationGit\vendor\cakephp\cakephp\src\Routing\Middleware\AssetMiddleware.php(97): Cake\Http\Runner->__invoke(Object(Cake\Http\ServerRequest), Object(Cake\Http\Response))
#7 C:\EasyPHP-Devserver-17\eds-www\ApplicationGit\vendor\cakephp\cakephp\src\Http\Runner.php(65): Cake\Routing\Middleware\AssetMiddleware->__invoke(Object(Cake\Http\ServerRequest), Object(Cake\Http\Response), Object(Cake\Http\Runner))
#8 C:\EasyPHP-Devserver-17\eds-www\ApplicationGit\vendor\cakephp\cakephp\src\Error\Middleware\ErrorHandlerMiddleware.php(95): Cake\Http\Runner->__invoke(Object(Cake\Http\ServerRequest), Object(Cake\Http\Response))
#9 C:\EasyPHP-Devserver-17\eds-www\ApplicationGit\vendor\cakephp\cakephp\src\Http\Runner.php(65): Cake\Error\Middleware\ErrorHandlerMiddleware->__invoke(Object(Cake\Http\ServerRequest), Object(Cake\Http\Response), Object(Cake\Http\Runner))
#10 C:\EasyPHP-Devserver-17\eds-www\ApplicationGit\vendor\cakephp\debug_kit\src\Middleware\DebugKitMiddleware.php(52): Cake\Http\Runner->__invoke(Object(Cake\Http\ServerRequest), Object(Cake\Http\Response))
#11 C:\EasyPHP-Devserver-17\eds-www\ApplicationGit\vendor\cakephp\cakephp\src\Http\Runner.php(65): DebugKit\Middleware\DebugKitMiddleware->__invoke(Object(Cake\Http\ServerRequest), Object(Cake\Http\Response), Object(Cake\Http\Runner))
#12 C:\EasyPHP-Devserver-17\eds-www\ApplicationGit\vendor\cakephp\cakephp\src\Http\Runner.php(51): Cake\Http\Runner->__invoke(Object(Cake\Http\ServerRequest), Object(Cake\Http\Response))
#13 C:\EasyPHP-Devserver-17\eds-www\ApplicationGit\vendor\cakephp\cakephp\src\Http\Server.php(81): Cake\Http\Runner->run(Object(Cake\Http\MiddlewareQueue), Object(Cake\Http\ServerRequest), Object(Cake\Http\Response))
#14 C:\EasyPHP-Devserver-17\eds-www\ApplicationGit\webroot\index.php(40): Cake\Http\Server->run()
#15 {main}


2017-09-29 18:10:59 Error: [Cake\Routing\Exception\MissingControllerException] Controller class Css could not be found.
Exception Attributes: array (
  'class' => 'Css',
  'plugin' => false,
  'prefix' => false,
  '_ext' => false,
)
Request URL: /css/style.css
Referer URL: http://localhost/ApplicationGit/
Stack Trace:
#0 C:\EasyPHP-Devserver-17\eds-www\ApplicationGit\vendor\cakephp\cakephp\src\Http\ControllerFactory.php(38): Cake\Http\ControllerFactory->missingController(Object(Cake\Http\ServerRequest))
#1 C:\EasyPHP-Devserver-17\eds-www\ApplicationGit\vendor\cakephp\cakephp\src\Http\ActionDispatcher.php(90): Cake\Http\ControllerFactory->create(Object(Cake\Http\ServerRequest), Object(Cake\Http\Response))
#2 C:\EasyPHP-Devserver-17\eds-www\ApplicationGit\vendor\cakephp\cakephp\src\Http\BaseApplication.php(103): Cake\Http\ActionDispatcher->dispatch(Object(Cake\Http\ServerRequest), Object(Cake\Http\Response))
#3 C:\EasyPHP-Devserver-17\eds-www\ApplicationGit\vendor\cakephp\cakephp\src\Http\Runner.php(65): Cake\Http\BaseApplication->__invoke(Object(Cake\Http\ServerRequest), Object(Cake\Http\Response), Object(Cake\Http\Runner))
#4 C:\EasyPHP-Devserver-17\eds-www\ApplicationGit\vendor\cakephp\cakephp\src\Routing\Middleware\RoutingMiddleware.php(107): Cake\Http\Runner->__invoke(Object(Cake\Http\ServerRequest), Object(Cake\Http\Response))
#5 C:\EasyPHP-Devserver-17\eds-www\ApplicationGit\vendor\cakephp\cakephp\src\Http\Runner.php(65): Cake\Routing\Middleware\RoutingMiddleware->__invoke(Object(Cake\Http\ServerRequest), Object(Cake\Http\Response), Object(Cake\Http\Runner))
#6 C:\EasyPHP-Devserver-17\eds-www\ApplicationGit\vendor\cakephp\cakephp\src\Routing\Middleware\AssetMiddleware.php(97): Cake\Http\Runner->__invoke(Object(Cake\Http\ServerRequest), Object(Cake\Http\Response))
#7 C:\EasyPHP-Devserver-17\eds-www\ApplicationGit\vendor\cakephp\cakephp\src\Http\Runner.php(65): Cake\Routing\Middleware\AssetMiddleware->__invoke(Object(Cake\Http\ServerRequest), Object(Cake\Http\Response), Object(Cake\Http\Runner))
#8 C:\EasyPHP-Devserver-17\eds-www\ApplicationGit\vendor\cakephp\cakephp\src\Error\Middleware\ErrorHandlerMiddleware.php(95): Cake\Http\Runner->__invoke(Object(Cake\Http\ServerRequest), Object(Cake\Http\Response))
#9 C:\EasyPHP-Devserver-17\eds-www\ApplicationGit\vendor\cakephp\cakephp\src\Http\Runner.php(65): Cake\Error\Middleware\ErrorHandlerMiddleware->__invoke(Object(Cake\Http\ServerRequest), Object(Cake\Http\Response), Object(Cake\Http\Runner))
#10 C:\EasyPHP-Devserver-17\eds-www\ApplicationGit\vendor\cakephp\debug_kit\src\Middleware\DebugKitMiddleware.php(52): Cake\Http\Runner->__invoke(Object(Cake\Http\ServerRequest), Object(Cake\Http\Response))
#11 C:\EasyPHP-Devserver-17\eds-www\ApplicationGit\vendor\cakephp\cakephp\src\Http\Runner.php(65): DebugKit\Middleware\DebugKitMiddleware->__invoke(Object(Cake\Http\ServerRequest), Object(Cake\Http\Response), Object(Cake\Http\Runner))
#12 C:\EasyPHP-Devserver-17\eds-www\ApplicationGit\vendor\cakephp\cakephp\src\Http\Runner.php(51): Cake\Http\Runner->__invoke(Object(Cake\Http\ServerRequest), Object(Cake\Http\Response))
#13 C:\EasyPHP-Devserver-17\eds-www\ApplicationGit\vendor\cakephp\cakephp\src\Http\Server.php(81): Cake\Http\Runner->run(Object(Cake\Http\MiddlewareQueue), Object(Cake\Http\ServerRequest), Object(Cake\Http\Response))
#14 C:\EasyPHP-Devserver-17\eds-www\ApplicationGit\webroot\index.php(40): Cake\Http\Server->run()
#15 {main}


2017-09-29 18:10:59 Error: [Cake\Routing\Exception\MissingControllerException] Controller class Css could not be found.
Exception Attributes: array (
  'class' => 'Css',
  'plugin' => false,
  'prefix' => false,
  '_ext' => false,
)
Request URL: /css/bootstrap.css
Referer URL: http://localhost/ApplicationGit/
Stack Trace:
#0 C:\EasyPHP-Devserver-17\eds-www\ApplicationGit\vendor\cakephp\cakephp\src\Http\ControllerFactory.php(38): Cake\Http\ControllerFactory->missingController(Object(Cake\Http\ServerRequest))
#1 C:\EasyPHP-Devserver-17\eds-www\ApplicationGit\vendor\cakephp\cakephp\src\Http\ActionDispatcher.php(90): Cake\Http\ControllerFactory->create(Object(Cake\Http\ServerRequest), Object(Cake\Http\Response))
#2 C:\EasyPHP-Devserver-17\eds-www\ApplicationGit\vendor\cakephp\cakephp\src\Http\BaseApplication.php(103): Cake\Http\ActionDispatcher->dispatch(Object(Cake\Http\ServerRequest), Object(Cake\Http\Response))
#3 C:\EasyPHP-Devserver-17\eds-www\ApplicationGit\vendor\cakephp\cakephp\src\Http\Runner.php(65): Cake\Http\BaseApplication->__invoke(Object(Cake\Http\ServerRequest), Object(Cake\Http\Response), Object(Cake\Http\Runner))
#4 C:\EasyPHP-Devserver-17\eds-www\ApplicationGit\vendor\cakephp\cakephp\src\Routing\Middleware\RoutingMiddleware.php(107): Cake\Http\Runner->__invoke(Object(Cake\Http\ServerRequest), Object(Cake\Http\Response))
#5 C:\EasyPHP-Devserver-17\eds-www\ApplicationGit\vendor\cakephp\cakephp\src\Http\Runner.php(65): Cake\Routing\Middleware\RoutingMiddleware->__invoke(Object(Cake\Http\ServerRequest), Object(Cake\Http\Response), Object(Cake\Http\Runner))
#6 C:\EasyPHP-Devserver-17\eds-www\ApplicationGit\vendor\cakephp\cakephp\src\Routing\Middleware\AssetMiddleware.php(97): Cake\Http\Runner->__invoke(Object(Cake\Http\ServerRequest), Object(Cake\Http\Response))
#7 C:\EasyPHP-Devserver-17\eds-www\ApplicationGit\vendor\cakephp\cakephp\src\Http\Runner.php(65): Cake\Routing\Middleware\AssetMiddleware->__invoke(Object(Cake\Http\ServerRequest), Object(Cake\Http\Response), Object(Cake\Http\Runner))
#8 C:\EasyPHP-Devserver-17\eds-www\ApplicationGit\vendor\cakephp\cakephp\src\Error\Middleware\ErrorHandlerMiddleware.php(95): Cake\Http\Runner->__invoke(Object(Cake\Http\ServerRequest), Object(Cake\Http\Response))
#9 C:\EasyPHP-Devserver-17\eds-www\ApplicationGit\vendor\cakephp\cakephp\src\Http\Runner.php(65): Cake\Error\Middleware\ErrorHandlerMiddleware->__invoke(Object(Cake\Http\ServerRequest), Object(Cake\Http\Response), Object(Cake\Http\Runner))
#10 C:\EasyPHP-Devserver-17\eds-www\ApplicationGit\vendor\cakephp\debug_kit\src\Middleware\DebugKitMiddleware.php(52): Cake\Http\Runner->__invoke(Object(Cake\Http\ServerRequest), Object(Cake\Http\Response))
#11 C:\EasyPHP-Devserver-17\eds-www\ApplicationGit\vendor\cakephp\cakephp\src\Http\Runner.php(65): DebugKit\Middleware\DebugKitMiddleware->__invoke(Object(Cake\Http\ServerRequest), Object(Cake\Http\Response), Object(Cake\Http\Runner))
#12 C:\EasyPHP-Devserver-17\eds-www\ApplicationGit\vendor\cakephp\cakephp\src\Http\Runner.php(51): Cake\Http\Runner->__invoke(Object(Cake\Http\ServerRequest), Object(Cake\Http\Response))
#13 C:\EasyPHP-Devserver-17\eds-www\ApplicationGit\vendor\cakephp\cakephp\src\Http\Server.php(81): Cake\Http\Runner->run(Object(Cake\Http\MiddlewareQueue), Object(Cake\Http\ServerRequest), Object(Cake\Http\Response))
#14 C:\EasyPHP-Devserver-17\eds-www\ApplicationGit\webroot\index.php(40): Cake\Http\Server->run()
#15 {main}


2017-09-29 18:11:49 Error: [Cake\Routing\Exception\MissingControllerException] Controller class Css could not be found.
Exception Attributes: array (
  'class' => 'Css',
  'plugin' => false,
  'prefix' => false,
  '_ext' => false,
)
Request URL: /css/style.css
Referer URL: http://localhost/ApplicationGit/
Stack Trace:
#0 C:\EasyPHP-Devserver-17\eds-www\ApplicationGit\vendor\cakephp\cakephp\src\Http\ControllerFactory.php(38): Cake\Http\ControllerFactory->missingController(Object(Cake\Http\ServerRequest))
#1 C:\EasyPHP-Devserver-17\eds-www\ApplicationGit\vendor\cakephp\cakephp\src\Http\ActionDispatcher.php(90): Cake\Http\ControllerFactory->create(Object(Cake\Http\ServerRequest), Object(Cake\Http\Response))
#2 C:\EasyPHP-Devserver-17\eds-www\ApplicationGit\vendor\cakephp\cakephp\src\Http\BaseApplication.php(103): Cake\Http\ActionDispatcher->dispatch(Object(Cake\Http\ServerRequest), Object(Cake\Http\Response))
#3 C:\EasyPHP-Devserver-17\eds-www\ApplicationGit\vendor\cakephp\cakephp\src\Http\Runner.php(65): Cake\Http\BaseApplication->__invoke(Object(Cake\Http\ServerRequest), Object(Cake\Http\Response), Object(Cake\Http\Runner))
#4 C:\EasyPHP-Devserver-17\eds-www\ApplicationGit\vendor\cakephp\cakephp\src\Routing\Middleware\RoutingMiddleware.php(107): Cake\Http\Runner->__invoke(Object(Cake\Http\ServerRequest), Object(Cake\Http\Response))
#5 C:\EasyPHP-Devserver-17\eds-www\ApplicationGit\vendor\cakephp\cakephp\src\Http\Runner.php(65): Cake\Routing\Middleware\RoutingMiddleware->__invoke(Object(Cake\Http\ServerRequest), Object(Cake\Http\Response), Object(Cake\Http\Runner))
#6 C:\EasyPHP-Devserver-17\eds-www\ApplicationGit\vendor\cakephp\cakephp\src\Routing\Middleware\AssetMiddleware.php(97): Cake\Http\Runner->__invoke(Object(Cake\Http\ServerRequest), Object(Cake\Http\Response))
#7 C:\EasyPHP-Devserver-17\eds-www\ApplicationGit\vendor\cakephp\cakephp\src\Http\Runner.php(65): Cake\Routing\Middleware\AssetMiddleware->__invoke(Object(Cake\Http\ServerRequest), Object(Cake\Http\Response), Object(Cake\Http\Runner))
#8 C:\EasyPHP-Devserver-17\eds-www\ApplicationGit\vendor\cakephp\cakephp\src\Error\Middleware\ErrorHandlerMiddleware.php(95): Cake\Http\Runner->__invoke(Object(Cake\Http\ServerRequest), Object(Cake\Http\Response))
#9 C:\EasyPHP-Devserver-17\eds-www\ApplicationGit\vendor\cakephp\cakephp\src\Http\Runner.php(65): Cake\Error\Middleware\ErrorHandlerMiddleware->__invoke(Object(Cake\Http\ServerRequest), Object(Cake\Http\Response), Object(Cake\Http\Runner))
#10 C:\EasyPHP-Devserver-17\eds-www\ApplicationGit\vendor\cakephp\debug_kit\src\Middleware\DebugKitMiddleware.php(52): Cake\Http\Runner->__invoke(Object(Cake\Http\ServerRequest), Object(Cake\Http\Response))
#11 C:\EasyPHP-Devserver-17\eds-www\ApplicationGit\vendor\cakephp\cakephp\src\Http\Runner.php(65): DebugKit\Middleware\DebugKitMiddleware->__invoke(Object(Cake\Http\ServerRequest), Object(Cake\Http\Response), Object(Cake\Http\Runner))
#12 C:\EasyPHP-Devserver-17\eds-www\ApplicationGit\vendor\cakephp\cakephp\src\Http\Runner.php(51): Cake\Http\Runner->__invoke(Object(Cake\Http\ServerRequest), Object(Cake\Http\Response))
#13 C:\EasyPHP-Devserver-17\eds-www\ApplicationGit\vendor\cakephp\cakephp\src\Http\Server.php(81): Cake\Http\Runner->run(Object(Cake\Http\MiddlewareQueue), Object(Cake\Http\ServerRequest), Object(Cake\Http\Response))
#14 C:\EasyPHP-Devserver-17\eds-www\ApplicationGit\webroot\index.php(40): Cake\Http\Server->run()
#15 {main}


2017-09-29 18:11:50 Error: [Cake\Routing\Exception\MissingControllerException] Controller class Css could not be found.
Exception Attributes: array (
  'class' => 'Css',
  'plugin' => false,
  'prefix' => false,
  '_ext' => false,
)
Request URL: /css/bootstrap.css
Referer URL: http://localhost/ApplicationGit/
Stack Trace:
#0 C:\EasyPHP-Devserver-17\eds-www\ApplicationGit\vendor\cakephp\cakephp\src\Http\ControllerFactory.php(38): Cake\Http\ControllerFactory->missingController(Object(Cake\Http\ServerRequest))
#1 C:\EasyPHP-Devserver-17\eds-www\ApplicationGit\vendor\cakephp\cakephp\src\Http\ActionDispatcher.php(90): Cake\Http\ControllerFactory->create(Object(Cake\Http\ServerRequest), Object(Cake\Http\Response))
#2 C:\EasyPHP-Devserver-17\eds-www\ApplicationGit\vendor\cakephp\cakephp\src\Http\BaseApplication.php(103): Cake\Http\ActionDispatcher->dispatch(Object(Cake\Http\ServerRequest), Object(Cake\Http\Response))
#3 C:\EasyPHP-Devserver-17\eds-www\ApplicationGit\vendor\cakephp\cakephp\src\Http\Runner.php(65): Cake\Http\BaseApplication->__invoke(Object(Cake\Http\ServerRequest), Object(Cake\Http\Response), Object(Cake\Http\Runner))
#4 C:\EasyPHP-Devserver-17\eds-www\ApplicationGit\vendor\cakephp\cakephp\src\Routing\Middleware\RoutingMiddleware.php(107): Cake\Http\Runner->__invoke(Object(Cake\Http\ServerRequest), Object(Cake\Http\Response))
#5 C:\EasyPHP-Devserver-17\eds-www\ApplicationGit\vendor\cakephp\cakephp\src\Http\Runner.php(65): Cake\Routing\Middleware\RoutingMiddleware->__invoke(Object(Cake\Http\ServerRequest), Object(Cake\Http\Response), Object(Cake\Http\Runner))
#6 C:\EasyPHP-Devserver-17\eds-www\ApplicationGit\vendor\cakephp\cakephp\src\Routing\Middleware\AssetMiddleware.php(97): Cake\Http\Runner->__invoke(Object(Cake\Http\ServerRequest), Object(Cake\Http\Response))
#7 C:\EasyPHP-Devserver-17\eds-www\ApplicationGit\vendor\cakephp\cakephp\src\Http\Runner.php(65): Cake\Routing\Middleware\AssetMiddleware->__invoke(Object(Cake\Http\ServerRequest), Object(Cake\Http\Response), Object(Cake\Http\Runner))
#8 C:\EasyPHP-Devserver-17\eds-www\ApplicationGit\vendor\cakephp\cakephp\src\Error\Middleware\ErrorHandlerMiddleware.php(95): Cake\Http\Runner->__invoke(Object(Cake\Http\ServerRequest), Object(Cake\Http\Response))
#9 C:\EasyPHP-Devserver-17\eds-www\ApplicationGit\vendor\cakephp\cakephp\src\Http\Runner.php(65): Cake\Error\Middleware\ErrorHandlerMiddleware->__invoke(Object(Cake\Http\ServerRequest), Object(Cake\Http\Response), Object(Cake\Http\Runner))
#10 C:\EasyPHP-Devserver-17\eds-www\ApplicationGit\vendor\cakephp\debug_kit\src\Middleware\DebugKitMiddleware.php(52): Cake\Http\Runner->__invoke(Object(Cake\Http\ServerRequest), Object(Cake\Http\Response))
#11 C:\EasyPHP-Devserver-17\eds-www\ApplicationGit\vendor\cakephp\cakephp\src\Http\Runner.php(65): DebugKit\Middleware\DebugKitMiddleware->__invoke(Object(Cake\Http\ServerRequest), Object(Cake\Http\Response), Object(Cake\Http\Runner))
#12 C:\EasyPHP-Devserver-17\eds-www\ApplicationGit\vendor\cakephp\cakephp\src\Http\Runner.php(51): Cake\Http\Runner->__invoke(Object(Cake\Http\ServerRequest), Object(Cake\Http\Response))
#13 C:\EasyPHP-Devserver-17\eds-www\ApplicationGit\vendor\cakephp\cakephp\src\Http\Server.php(81): Cake\Http\Runner->run(Object(Cake\Http\MiddlewareQueue), Object(Cake\Http\ServerRequest), Object(Cake\Http\Response))
#14 C:\EasyPHP-Devserver-17\eds-www\ApplicationGit\webroot\index.php(40): Cake\Http\Server->run()
#15 {main}


2017-09-29 18:13:16 Warning: Warning (2): move_uploaded_file(img/Files/Lighthouse.jpg): failed to open stream: No such file or directory in [C:\EasyPHP-Devserver-17\eds-www\ApplicationGit\src\Controller\FilesController.php, line 57]
Request URL: /files/add
Referer URL: http://localhost/ApplicationGit/files/add
Client IP: 127.0.0.1
Trace:
Cake\Error\BaseErrorHandler::handleError() - CORE\src\Error\BaseErrorHandler.php, line 153
move_uploaded_file - [internal], line ??
App\Controller\FilesController::add() - APP/Controller\FilesController.php, line 57
Cake\Controller\Controller::invokeAction() - CORE\src\Controller\Controller.php, line 440
Cake\Http\ActionDispatcher::_invoke() - CORE\src\Http\ActionDispatcher.php, line 119
Cake\Http\ActionDispatcher::dispatch() - CORE\src\Http\ActionDispatcher.php, line 93
Cake\Http\BaseApplication::__invoke() - CORE\src\Http\BaseApplication.php, line 103
Cake\Http\Runner::__invoke() - CORE\src\Http\Runner.php, line 65
Cake\Routing\Middleware\RoutingMiddleware::__invoke() - CORE\src\Routing\Middleware\RoutingMiddleware.php, line 107
Cake\Http\Runner::__invoke() - CORE\src\Http\Runner.php, line 65
Cake\Routing\Middleware\AssetMiddleware::__invoke() - CORE\src\Routing\Middleware\AssetMiddleware.php, line 88
Cake\Http\Runner::__invoke() - CORE\src\Http\Runner.php, line 65
Cake\Error\Middleware\ErrorHandlerMiddleware::__invoke() - CORE\src\Error\Middleware\ErrorHandlerMiddleware.php, line 95
Cake\Http\Runner::__invoke() - CORE\src\Http\Runner.php, line 65
DebugKit\Middleware\DebugKitMiddleware::__invoke() - ROOT\vendor\cakephp\debug_kit\src\Middleware\DebugKitMiddleware.php, line 52
Cake\Http\Runner::__invoke() - CORE\src\Http\Runner.php, line 65
Cake\Http\Runner::run() - CORE\src\Http\Runner.php, line 51
Cake\Http\Server::run() - CORE\src\Http\Server.php, line 81
[main] - ROOT\webroot\index.php, line 40



2017-09-29 18:13:16 Warning: Warning (2): move_uploaded_file() [<a href='https://secure.php.net/function.move-uploaded-file'>function.move-uploaded-file</a>]: Unable to move 'C:\Users\1559224\AppData\Local\Temp\phpAA08.tmp' to 'img/Files/Lighthouse.jpg' in [C:\EasyPHP-Devserver-17\eds-www\ApplicationGit\src\Controller\FilesController.php, line 57]
Request URL: /files/add
Referer URL: http://localhost/ApplicationGit/files/add
Client IP: 127.0.0.1
Trace:
Cake\Error\BaseErrorHandler::handleError() - CORE\src\Error\BaseErrorHandler.php, line 153
move_uploaded_file - [internal], line ??
App\Controller\FilesController::add() - APP/Controller\FilesController.php, line 57
Cake\Controller\Controller::invokeAction() - CORE\src\Controller\Controller.php, line 440
Cake\Http\ActionDispatcher::_invoke() - CORE\src\Http\ActionDispatcher.php, line 119
Cake\Http\ActionDispatcher::dispatch() - CORE\src\Http\ActionDispatcher.php, line 93
Cake\Http\BaseApplication::__invoke() - CORE\src\Http\BaseApplication.php, line 103
Cake\Http\Runner::__invoke() - CORE\src\Http\Runner.php, line 65
Cake\Routing\Middleware\RoutingMiddleware::__invoke() - CORE\src\Routing\Middleware\RoutingMiddleware.php, line 107
Cake\Http\Runner::__invoke() - CORE\src\Http\Runner.php, line 65
Cake\Routing\Middleware\AssetMiddleware::__invoke() - CORE\src\Routing\Middleware\AssetMiddleware.php, line 88
Cake\Http\Runner::__invoke() - CORE\src\Http\Runner.php, line 65
Cake\Error\Middleware\ErrorHandlerMiddleware::__invoke() - CORE\src\Error\Middleware\ErrorHandlerMiddleware.php, line 95
Cake\Http\Runner::__invoke() - CORE\src\Http\Runner.php, line 65
DebugKit\Middleware\DebugKitMiddleware::__invoke() - ROOT\vendor\cakephp\debug_kit\src\Middleware\DebugKitMiddleware.php, line 52
Cake\Http\Runner::__invoke() - CORE\src\Http\Runner.php, line 65
Cake\Http\Runner::run() - CORE\src\Http\Runner.php, line 51
Cake\Http\Server::run() - CORE\src\Http\Server.php, line 81
[main] - ROOT\webroot\index.php, line 40



2017-09-29 18:13:16 Warning: Warning (512): Unable to emit headers. Headers sent in file=C:\EasyPHP-Devserver-17\eds-www\ApplicationGit\vendor\cakephp\cakephp\src\Error\Debugger.php line=850 in [C:\EasyPHP-Devserver-17\eds-www\ApplicationGit\vendor\cakephp\cakephp\src\Http\ResponseEmitter.php, line 48]
Request URL: /files/add
Referer URL: http://localhost/ApplicationGit/files/add
Client IP: 127.0.0.1
Trace:
Cake\Error\BaseErrorHandler::handleError() - CORE\src\Error\BaseErrorHandler.php, line 153
Cake\Http\ResponseEmitter::emit() - CORE\src\Http\ResponseEmitter.php, line 48
Cake\Http\Server::emit() - CORE\src\Http\Server.php, line 106
[main] - ROOT\webroot\index.php, line 40



2017-09-29 18:13:16 Warning: Warning (2): Cannot modify header information - headers already sent by (output started at C:\EasyPHP-Devserver-17\eds-www\ApplicationGit\vendor\cakephp\cakephp\src\Error\Debugger.php:850) in [C:\EasyPHP-Devserver-17\eds-www\ApplicationGit\vendor\cakephp\cakephp\src\Http\ResponseEmitter.php, line 149]
Request URL: /files/add
Referer URL: http://localhost/ApplicationGit/files/add
Client IP: 127.0.0.1
Trace:
Cake\Error\BaseErrorHandler::handleError() - CORE\src\Error\BaseErrorHandler.php, line 153
header - [internal], line ??
Cake\Http\ResponseEmitter::emitStatusLine() - CORE\src\Http\ResponseEmitter.php, line 149
Cake\Http\ResponseEmitter::emit() - CORE\src\Http\ResponseEmitter.php, line 54
Cake\Http\Server::emit() - CORE\src\Http\Server.php, line 106
[main] - ROOT\webroot\index.php, line 40



2017-09-29 18:13:16 Warning: Warning (2): Cannot modify header information - headers already sent by (output started at C:\EasyPHP-Devserver-17\eds-www\ApplicationGit\vendor\cakephp\cakephp\src\Error\Debugger.php:850) in [C:\EasyPHP-Devserver-17\eds-www\ApplicationGit\vendor\cakephp\cakephp\src\Http\ResponseEmitter.php, line 181]
Request URL: /files/add
Referer URL: http://localhost/ApplicationGit/files/add
Client IP: 127.0.0.1
Trace:
Cake\Error\BaseErrorHandler::handleError() - CORE\src\Error\BaseErrorHandler.php, line 153
header - [internal], line ??
Cake\Http\ResponseEmitter::emitHeaders() - CORE\src\Http\ResponseEmitter.php, line 181
Cake\Http\ResponseEmitter::emit() - CORE\src\Http\ResponseEmitter.php, line 55
Cake\Http\Server::emit() - CORE\src\Http\Server.php, line 106
[main] - ROOT\webroot\index.php, line 40



2017-09-29 18:13:16 Warning: Warning (2): Cannot modify header information - headers already sent by (output started at C:\EasyPHP-Devserver-17\eds-www\ApplicationGit\vendor\cakephp\cakephp\src\Error\Debugger.php:850) in [C:\EasyPHP-Devserver-17\eds-www\ApplicationGit\vendor\cakephp\cakephp\src\Http\ResponseEmitter.php, line 181]
Request URL: /files/add
Referer URL: http://localhost/ApplicationGit/files/add
Client IP: 127.0.0.1
Trace:
Cake\Error\BaseErrorHandler::handleError() - CORE\src\Error\BaseErrorHandler.php, line 153
header - [internal], line ??
Cake\Http\ResponseEmitter::emitHeaders() - CORE\src\Http\ResponseEmitter.php, line 181
Cake\Http\ResponseEmitter::emit() - CORE\src\Http\ResponseEmitter.php, line 55
Cake\Http\Server::emit() - CORE\src\Http\Server.php, line 106
[main] - ROOT\webroot\index.php, line 40



